
=== Sat Jul 27 16:40:45 2019

Packages were changed.
Update Mode: mergeDefaultDependencies

The following packages were added:
  com.unity.timeline@0.0.0-builtin
The following packages were updated:
  com.unity.analytics from version 3.0.9 to 3.2.2
  com.unity.package-manager-ui from version 2.1.0-preview.1 to 0.0.0-builtin

=== Sat Jul 27 16:48:20 2019

Packages were changed.
Update Mode: updateDependencies

The following packages were added:
  com.unity.2d.tilemap@1.0.0
  com.unity.test-framework@1.0.16
  com.unity.2d.sprite@1.0.0
  com.unity.ide.vscode@1.0.7
  com.unity.ide.visualstudio@1.0.11
  com.unity.ide.rider@1.0.8
  com.unity.ugui@1.0.0
  com.unity.modules.androidjni@1.0.0
The following packages were updated:
  com.unity.analytics from version 3.2.2 to 3.3.2
  com.unity.collab-proxy from version 1.2.9 to 1.2.16
  com.unity.purchasing from version 2.0.1 to 2.0.6
  com.unity.textmeshpro from version 1.3.0 to 2.0.1
  com.unity.timeline from version 0.0.0-builtin to 1.1.0
  com.unity.xr.legacyinputhelpers from version 1.0.0 to 2.0.4
The following packages were removed:
  com.unity.package-manager-ui@0.0.0-builtin

=== Sun Sep 29 17:26:12 2019

Packages were changed.
Update Mode: updateDependencies

The following packages were updated:
  com.unity.ide.rider from version 1.0.8 to 1.1.0
  com.unity.ide.vscode from version 1.0.7 to 1.1.0
  com.unity.test-framework from version 1.0.16 to 1.1.1
  com.unity.timeline from version 1.1.0 to 1.2.2

=== Wed Dec 18 18:46:45 2019

Packages were changed.
Update Mode: updateDependencies

The following packages were updated:
  com.unity.ads from version 2.0.8 to 3.3.1
  com.unity.ide.vscode from version 1.1.0 to 1.1.2
  com.unity.test-framework from version 1.1.1 to 1.1.5
  com.unity.timeline from version 1.2.2 to 1.3.0-preview.3
